# JRE version: OpenJDK Runtime Environment (8.0_242-b01) (build 1.8.0_242-release-1644-b01)
# Java VM: OpenJDK 64-Bit Server VM (25.242-b01 mixed mode windows-amd64 compressed oops)
Heap:
 PSYoungGen      total 466432K, used 374830K [0x00000000d5580000, 0x00000000fa200000, 0x0000000100000000)
  eden space 346624K, 88% used [0x00000000d5580000,0x00000000e80e2e98,0x00000000ea800000)
  from space 119808K, 56% used [0x00000000f2d00000,0x00000000f6fa8b48,0x00000000fa200000)
  to   space 128000K, 0% used [0x00000000ea800000,0x00000000ea800000,0x00000000f2500000)
 ParOldGen       total 197632K, used 119126K [0x0000000080000000, 0x000000008c100000, 0x00000000d5580000)
  object space 197632K, 60% used [0x0000000080000000,0x0000000087455830,0x000000008c100000)
 Metaspace       used 102811K, capacity 108592K, committed 108888K, reserved 1144832K
  class space    used 13089K, capacity 14108K, committed 14208K, reserved 1048576K
GC Heap History (10 events):
Event: 868.190 GC heap before
{Heap before GC invocations=28 (full 4):
 PSYoungGen      total 371200K, used 369793K [0x00000000d5580000, 0x00000000f5980000, 0x0000000100000000)
  eden space 277504K, 100% used [0x00000000d5580000,0x00000000e6480000,0x00000000e6480000)
  from space 93696K, 98% used [0x00000000e6480000,0x00000000ebea0518,0x00000000ec000000)
  to   space 109056K, 0% used [0x00000000eef00000,0x00000000eef00000,0x00000000f5980000)
 ParOldGen       total 197632K, used 119086K [0x0000000080000000, 0x000000008c100000, 0x00000000d5580000)
  object space 197632K, 60% used [0x0000000080000000,0x000000008744b830,0x000000008c100000)
 Metaspace       used 99928K, capacity 105120K, committed 105304K, reserved 1140736K
  class space    used 12924K, capacity 13850K, committed 13952K, reserved 1048576K
Event: 868.703 GC heap after
Heap after GC invocations=28 (full 4):
 PSYoungGen      total 413184K, used 73448K [0x00000000d5580000, 0x00000000f5e80000, 0x0000000100000000)
  eden space 304128K, 0% used [0x00000000d5580000,0x00000000d5580000,0x00000000e7e80000)
  from space 109056K, 67% used [0x00000000eef00000,0x00000000f36ba258,0x00000000f5980000)
  to   space 114688K, 0% used [0x00000000e7e80000,0x00000000e7e80000,0x00000000eee80000)
 ParOldGen       total 197632K, used 119094K [0x0000000080000000, 0x000000008c100000, 0x00000000d5580000)
  object space 197632K, 60% used [0x0000000080000000,0x000000008744d830,0x000000008c100000)
 Metaspace       used 99928K, capacity 105120K, committed 105304K, reserved 1140736K
  class space    used 12924K, capacity 13850K, committed 13952K, reserved 1048576K
}
Event: 882.312 GC heap before
{Heap before GC invocations=29 (full 4):
 PSYoungGen      total 413184K, used 377576K [0x00000000d5580000, 0x00000000f5e80000, 0x0000000100000000)
  eden space 304128K, 100% used [0x00000000d5580000,0x00000000e7e80000,0x00000000e7e80000)
  from space 109056K, 67% used [0x00000000eef00000,0x00000000f36ba258,0x00000000f5980000)
  to   space 114688K, 0% used [0x00000000e7e80000,0x00000000e7e80000,0x00000000eee80000)
 ParOldGen       total 197632K, used 119094K [0x0000000080000000, 0x000000008c100000, 0x00000000d5580000)
  object space 197632K, 60% used [0x0000000080000000,0x000000008744d830,0x000000008c100000)
 Metaspace       used 100071K, capacity 105390K, committed 105560K, reserved 1140736K
  class space    used 12937K, capacity 13874K, committed 13952K, reserved 1048576K
Event: 882.558 GC heap after
Heap after GC invocations=29 (full 4):
 PSYoungGen      total 418816K, used 84691K [0x00000000d5580000, 0x00000000f8280000, 0x0000000100000000)
  eden space 304128K, 0% used [0x00000000d5580000,0x00000000d5580000,0x00000000e7e80000)
  from space 114688K, 73% used [0x00000000e7e80000,0x00000000ed134c08,0x00000000eee80000)
  to   space 122368K, 0% used [0x00000000f0b00000,0x00000000f0b00000,0x00000000f8280000)
 ParOldGen       total 197632K, used 119102K [0x0000000080000000, 0x000000008c100000, 0x00000000d5580000)
  object space 197632K, 60% used [0x0000000080000000,0x000000008744f830,0x000000008c100000)
 Metaspace       used 100071K, capacity 105390K, committed 105560K, reserved 1140736K
  class space    used 12937K, capacity 13874K, committed 13952K, reserved 1048576K
}
Event: 884.701 GC heap before
{Heap before GC invocations=30 (full 4):
 PSYoungGen      total 418816K, used 388819K [0x00000000d5580000, 0x00000000f8280000, 0x0000000100000000)
  eden space 304128K, 100% used [0x00000000d5580000,0x00000000e7e80000,0x00000000e7e80000)
  from space 114688K, 73% used [0x00000000e7e80000,0x00000000ed134c08,0x00000000eee80000)
  to   space 122368K, 0% used [0x00000000f0b00000,0x00000000f0b00000,0x00000000f8280000)
 ParOldGen       total 197632K, used 119102K [0x0000000080000000, 0x000000008c100000, 0x00000000d5580000)
  object space 197632K, 60% used [0x0000000080000000,0x000000008744f830,0x000000008c100000)
 Metaspace       used 100400K, capacity 105712K, committed 105816K, reserved 1140736K
  class space    used 12964K, capacity 13916K, committed 13952K, reserved 1048576K
Event: 884.808 GC heap after
Heap after GC invocations=30 (full 4):
 PSYoungGen      total 442880K, used 80887K [0x00000000d5580000, 0x00000000f9180000, 0x0000000100000000)
  eden space 320512K, 0% used [0x00000000d5580000,0x00000000d5580000,0x00000000e8e80000)
  from space 122368K, 66% used [0x00000000f0b00000,0x00000000f59fddb0,0x00000000f8280000)
  to   space 127488K, 0% used [0x00000000e8e80000,0x00000000e8e80000,0x00000000f0b00000)
 ParOldGen       total 197632K, used 119110K [0x0000000080000000, 0x000000008c100000, 0x00000000d5580000)
  object space 197632K, 60% used [0x0000000080000000,0x0000000087451830,0x000000008c100000)
 Metaspace       used 100400K, capacity 105712K, committed 105816K, reserved 1140736K
  class space    used 12964K, capacity 13916K, committed 13952K, reserved 1048576K
}
Event: 887.704 GC heap before
{Heap before GC invocations=31 (full 4):
 PSYoungGen      total 442880K, used 401399K [0x00000000d5580000, 0x00000000f9180000, 0x0000000100000000)
  eden space 320512K, 100% used [0x00000000d5580000,0x00000000e8e80000,0x00000000e8e80000)
  from space 122368K, 66% used [0x00000000f0b00000,0x00000000f59fddb0,0x00000000f8280000)
  to   space 127488K, 0% used [0x00000000e8e80000,0x00000000e8e80000,0x00000000f0b00000)
 ParOldGen       total 197632K, used 119110K [0x0000000080000000, 0x000000008c100000, 0x00000000d5580000)
  object space 197632K, 60% used [0x0000000080000000,0x0000000087451830,0x000000008c100000)
 Metaspace       used 102058K, capacity 107540K, committed 107736K, reserved 1142784K
  class space    used 13046K, capacity 14008K, committed 14080K, reserved 1048576K
Event: 887.851 GC heap after
Heap after GC invocations=31 (full 4):
 PSYoungGen      total 448000K, used 80060K [0x00000000d5580000, 0x00000000fac80000, 0x0000000100000000)
  eden space 320512K, 0% used [0x00000000d5580000,0x00000000d5580000,0x00000000e8e80000)
  from space 127488K, 62% used [0x00000000e8e80000,0x00000000edcaf3c0,0x00000000f0b00000)
  to   space 130560K, 0% used [0x00000000f2d00000,0x00000000f2d00000,0x00000000fac80000)
 ParOldGen       total 197632K, used 119118K [0x0000000080000000, 0x000000008c100000, 0x00000000d5580000)
  object space 197632K, 60% used [0x0000000080000000,0x0000000087453830,0x000000008c100000)
 Metaspace       used 102058K, capacity 107540K, committed 107736K, reserved 1142784K
  class space    used 13046K, capacity 14008K, committed 14080K, reserved 1048576K
}
Event: 2996.919 GC heap before
{Heap before GC invocations=32 (full 4):
 PSYoungGen      total 448000K, used 400572K [0x00000000d5580000, 0x00000000fac80000, 0x0000000100000000)
  eden space 320512K, 100% used [0x00000000d5580000,0x00000000e8e80000,0x00000000e8e80000)
  from space 127488K, 62% used [0x00000000e8e80000,0x00000000edcaf3c0,0x00000000f0b00000)
  to   space 130560K, 0% used [0x00000000f2d00000,0x00000000f2d00000,0x00000000fac80000)
 ParOldGen       total 197632K, used 119118K [0x0000000080000000, 0x000000008c100000, 0x00000000d5580000)
  object space 197632K, 60% used [0x0000000080000000,0x0000000087453830,0x000000008c100000)
 Metaspace       used 102468K, capacity 108012K, committed 108248K, reserved 1142784K
  class space    used 13058K, capacity 14028K, committed 14080K, reserved 1048576K
Event: 2998.791 GC heap after
Heap after GC invocations=32 (full 4):
 PSYoungGen      total 466432K, used 68258K [0x00000000d5580000, 0x00000000fa200000, 0x0000000100000000)
  eden space 346624K, 0% used [0x00000000d5580000,0x00000000d5580000,0x00000000ea800000)
  from space 119808K, 56% used [0x00000000f2d00000,0x00000000f6fa8b48,0x00000000fa200000)
  to   space 128000K, 0% used [0x00000000ea800000,0x00000000ea800000,0x00000000f2500000)
 ParOldGen       total 197632K, used 119126K [0x0000000080000000, 0x000000008c100000, 0x00000000d5580000)
  object space 197632K, 60% used [0x0000000080000000,0x0000000087455830,0x000000008c100000)
 Metaspace       used 102468K, capacity 108012K, committed 108248K, reserved 1142784K
  class space    used 13058K, capacity 14028K, committed 14080K, reserved 1048576K
}

